<?xml version="1.0" encoding="UTF-8"?>
<!-- Generated by org.testng.reporters.JUnitReportReporter -->
<testsuite skipped="0" hostname="BDC8-DX-6PKDH92" name="Test2.ProjectB" tests="1" failures="0" timestamp="17 Jul 2018 06:27:15 GMT" time="12.103" errors="0">
  <testcase name="testlogin" time="12.103" classname="Test2.ProjectB"/>
</testsuite> <!-- Test2.ProjectB -->
